15 déc. 2010 22:17:07 fr.utbm.set.server.GeofencingMessageHandler newMessage
INFO: EFA SENT TO : 11: AT : Wed Dec 15 22:17:07 CET 2010
15 déc. 2010 22:17:22 fr.utbm.set.server.GeofencingMessageHandler newMessage
INFO: LFA SENT TO : 11 AT : Wed Dec 15 22:17:22 CET 2010
15 déc. 2010 22:17:58 fr.utbm.set.server.GeofencingMessageHandler newMessage
INFO: EFA SENT TO : 11: AT : Wed Dec 15 22:17:58 CET 2010
15 déc. 2010 22:18:13 fr.utbm.set.server.GeofencingMessageHandler newMessage
INFO: LFA SENT TO : 11 AT : Wed Dec 15 22:18:13 CET 2010
15 déc. 2010 22:18:49 fr.utbm.set.server.GeofencingMessageHandler newMessage
INFO: EFA SENT TO : 11: AT : Wed Dec 15 22:18:49 CET 2010
15 déc. 2010 22:19:04 fr.utbm.set.server.GeofencingMessageHandler newMessage
INFO: LFA SENT TO : 11 AT : Wed Dec 15 22:19:04 CET 2010
15 déc. 2010 22:19:40 fr.utbm.set.server.GeofencingMessageHandler newMessage
INFO: EFA SENT TO : 11: AT : Wed Dec 15 22:19:40 CET 2010
15 déc. 2010 22:19:55 fr.utbm.set.server.GeofencingMessageHandler newMessage
INFO: LFA SENT TO : 11 AT : Wed Dec 15 22:19:55 CET 2010
15 déc. 2010 22:20:31 fr.utbm.set.server.GeofencingMessageHandler newMessage
INFO: EFA SENT TO : 11: AT : Wed Dec 15 22:20:31 CET 2010
15 déc. 2010 22:20:46 fr.utbm.set.server.GeofencingMessageHandler newMessage
INFO: LFA SENT TO : 11 AT : Wed Dec 15 22:20:46 CET 2010
15 déc. 2010 22:21:22 fr.utbm.set.server.GeofencingMessageHandler newMessage
INFO: EFA SENT TO : 11: AT : Wed Dec 15 22:21:22 CET 2010
15 déc. 2010 22:21:37 fr.utbm.set.server.GeofencingMessageHandler newMessage
INFO: LFA SENT TO : 11 AT : Wed Dec 15 22:21:37 CET 2010
15 déc. 2010 22:51:49 fr.utbm.set.server.GeofencingMessageHandler newMessage
INFO: EFA SENT TO : 11: AT : Wed Dec 15 22:51:49 CET 2010
15 déc. 2010 22:52:04 fr.utbm.set.server.GeofencingMessageHandler newMessage
INFO: LFA SENT TO : 11 AT : Wed Dec 15 22:52:04 CET 2010
15 déc. 2010 23:14:28 fr.utbm.set.server.GeofencingMessageHandler newMessage
INFO: EFA SENT TO : 11: AT : Wed Dec 15 23:14:28 CET 2010
15 déc. 2010 23:14:43 fr.utbm.set.server.GeofencingMessageHandler newMessage
INFO: LFA SENT TO : 11 AT : Wed Dec 15 23:14:43 CET 2010
15 déc. 2010 23:15:18 fr.utbm.set.server.GeofencingMessageHandler newMessage
INFO: EFA SENT TO : 11: AT : Wed Dec 15 23:15:18 CET 2010
16 déc. 2010 08:41:17 fr.utbm.set.server.GeofencingMessageHandler newMessage
INFO: EFA SENT TO : 11: AT : Thu Dec 16 08:41:17 CET 2010
16 déc. 2010 08:45:25 fr.utbm.set.server.GeofencingMessageHandler newMessage
INFO: EFA SENT TO : 11: AT : Thu Dec 16 08:45:25 CET 2010
16 déc. 2010 08:45:40 fr.utbm.set.server.GeofencingMessageHandler newMessage
INFO: LFA SENT TO : 11 AT : Thu Dec 16 08:45:40 CET 2010
16 déc. 2010 08:46:15 fr.utbm.set.server.GeofencingMessageHandler newMessage
INFO: EFA SENT TO : 11: AT : Thu Dec 16 08:46:15 CET 2010
16 déc. 2010 08:46:30 fr.utbm.set.server.GeofencingMessageHandler newMessage
INFO: LFA SENT TO : 11 AT : Thu Dec 16 08:46:30 CET 2010
16 déc. 2010 08:48:23 fr.utbm.set.server.GeofencingMessageHandler newMessage
INFO: EFA SENT TO : 11: AT : Thu Dec 16 08:48:23 CET 2010
16 déc. 2010 08:48:38 fr.utbm.set.server.GeofencingMessageHandler newMessage
INFO: LFA SENT TO : 11 AT : Thu Dec 16 08:48:38 CET 2010
16 déc. 2010 08:53:35 fr.utbm.set.server.GeofencingMessageHandler newMessage
INFO: EFA SENT TO : 11: AT : Thu Dec 16 08:53:35 CET 2010
16 déc. 2010 08:53:49 fr.utbm.set.server.GeofencingMessageHandler newMessage
INFO: LFA SENT TO : 11 AT : Thu Dec 16 08:53:49 CET 2010
16 déc. 2010 08:54:25 fr.utbm.set.server.GeofencingMessageHandler newMessage
INFO: EFA SENT TO : 11: AT : Thu Dec 16 08:54:25 CET 2010
16 déc. 2010 08:54:40 fr.utbm.set.server.GeofencingMessageHandler newMessage
INFO: LFA SENT TO : 11 AT : Thu Dec 16 08:54:40 CET 2010
16 déc. 2010 08:55:16 fr.utbm.set.server.GeofencingMessageHandler newMessage
INFO: EFA SENT TO : 11: AT : Thu Dec 16 08:55:16 CET 2010
16 déc. 2010 08:55:31 fr.utbm.set.server.GeofencingMessageHandler newMessage
INFO: LFA SENT TO : 11 AT : Thu Dec 16 08:55:31 CET 2010
16 déc. 2010 08:56:07 fr.utbm.set.server.GeofencingMessageHandler newMessage
INFO: EFA SENT TO : 11: AT : Thu Dec 16 08:56:07 CET 2010
16 déc. 2010 08:56:22 fr.utbm.set.server.GeofencingMessageHandler newMessage
INFO: LFA SENT TO : 11 AT : Thu Dec 16 08:56:22 CET 2010
16 déc. 2010 08:56:58 fr.utbm.set.server.GeofencingMessageHandler newMessage
INFO: EFA SENT TO : 11: AT : Thu Dec 16 08:56:58 CET 2010
16 déc. 2010 08:57:13 fr.utbm.set.server.GeofencingMessageHandler newMessage
INFO: LFA SENT TO : 11 AT : Thu Dec 16 08:57:13 CET 2010
16 déc. 2010 08:57:49 fr.utbm.set.server.GeofencingMessageHandler newMessage
INFO: EFA SENT TO : 11: AT : Thu Dec 16 08:57:49 CET 2010
16 déc. 2010 08:58:04 fr.utbm.set.server.GeofencingMessageHandler newMessage
INFO: LFA SENT TO : 11 AT : Thu Dec 16 08:58:04 CET 2010
16 déc. 2010 08:58:40 fr.utbm.set.server.GeofencingMessageHandler newMessage
INFO: EFA SENT TO : 11: AT : Thu Dec 16 08:58:40 CET 2010
16 déc. 2010 08:58:55 fr.utbm.set.server.GeofencingMessageHandler newMessage
INFO: LFA SENT TO : 11 AT : Thu Dec 16 08:58:55 CET 2010
16 déc. 2010 08:59:31 fr.utbm.set.server.GeofencingMessageHandler newMessage
INFO: EFA SENT TO : 11: AT : Thu Dec 16 08:59:31 CET 2010
16 déc. 2010 08:59:46 fr.utbm.set.server.GeofencingMessageHandler newMessage
INFO: LFA SENT TO : 11 AT : Thu Dec 16 08:59:46 CET 2010
16 déc. 2010 09:00:22 fr.utbm.set.server.GeofencingMessageHandler newMessage
INFO: EFA SENT TO : 11: AT : Thu Dec 16 09:00:22 CET 2010
16 déc. 2010 09:00:37 fr.utbm.set.server.GeofencingMessageHandler newMessage
INFO: LFA SENT TO : 11 AT : Thu Dec 16 09:00:37 CET 2010
16 déc. 2010 09:01:13 fr.utbm.set.server.GeofencingMessageHandler newMessage
INFO: EFA SENT TO : 11: AT : Thu Dec 16 09:01:13 CET 2010
16 déc. 2010 09:01:28 fr.utbm.set.server.GeofencingMessageHandler newMessage
INFO: LFA SENT TO : 11 AT : Thu Dec 16 09:01:28 CET 2010
16 déc. 2010 09:02:04 fr.utbm.set.server.GeofencingMessageHandler newMessage
INFO: EFA SENT TO : 11: AT : Thu Dec 16 09:02:04 CET 2010
16 déc. 2010 09:02:20 fr.utbm.set.server.GeofencingMessageHandler newMessage
INFO: LFA SENT TO : 11 AT : Thu Dec 16 09:02:20 CET 2010
16 déc. 2010 09:02:56 fr.utbm.set.server.GeofencingMessageHandler newMessage
INFO: EFA SENT TO : 11: AT : Thu Dec 16 09:02:56 CET 2010
16 déc. 2010 09:03:11 fr.utbm.set.server.GeofencingMessageHandler newMessage
INFO: LFA SENT TO : 11 AT : Thu Dec 16 09:03:11 CET 2010
16 déc. 2010 09:03:47 fr.utbm.set.server.GeofencingMessageHandler newMessage
INFO: EFA SENT TO : 11: AT : Thu Dec 16 09:03:47 CET 2010
16 déc. 2010 09:04:02 fr.utbm.set.server.GeofencingMessageHandler newMessage
INFO: LFA SENT TO : 11 AT : Thu Dec 16 09:04:02 CET 2010
16 déc. 2010 09:04:38 fr.utbm.set.server.GeofencingMessageHandler newMessage
INFO: EFA SENT TO : 11: AT : Thu Dec 16 09:04:38 CET 2010
16 déc. 2010 09:04:52 fr.utbm.set.server.GeofencingMessageHandler newMessage
INFO: LFA SENT TO : 11 AT : Thu Dec 16 09:04:52 CET 2010
16 déc. 2010 09:05:28 fr.utbm.set.server.GeofencingMessageHandler newMessage
INFO: EFA SENT TO : 11: AT : Thu Dec 16 09:05:28 CET 2010
16 déc. 2010 09:05:43 fr.utbm.set.server.GeofencingMessageHandler newMessage
INFO: LFA SENT TO : 11 AT : Thu Dec 16 09:05:43 CET 2010
16 déc. 2010 09:06:19 fr.utbm.set.server.GeofencingMessageHandler newMessage
INFO: EFA SENT TO : 11: AT : Thu Dec 16 09:06:19 CET 2010
16 déc. 2010 09:06:34 fr.utbm.set.server.GeofencingMessageHandler newMessage
INFO: LFA SENT TO : 11 AT : Thu Dec 16 09:06:34 CET 2010
16 déc. 2010 09:07:10 fr.utbm.set.server.GeofencingMessageHandler newMessage
INFO: EFA SENT TO : 11: AT : Thu Dec 16 09:07:10 CET 2010
16 déc. 2010 09:07:25 fr.utbm.set.server.GeofencingMessageHandler newMessage
INFO: LFA SENT TO : 11 AT : Thu Dec 16 09:07:25 CET 2010
16 déc. 2010 09:08:01 fr.utbm.set.server.GeofencingMessageHandler newMessage
INFO: EFA SENT TO : 11: AT : Thu Dec 16 09:08:01 CET 2010
16 déc. 2010 09:08:16 fr.utbm.set.server.GeofencingMessageHandler newMessage
INFO: LFA SENT TO : 11 AT : Thu Dec 16 09:08:16 CET 2010
16 déc. 2010 09:08:52 fr.utbm.set.server.GeofencingMessageHandler newMessage
INFO: EFA SENT TO : 11: AT : Thu Dec 16 09:08:52 CET 2010
16 déc. 2010 09:09:07 fr.utbm.set.server.GeofencingMessageHandler newMessage
INFO: LFA SENT TO : 11 AT : Thu Dec 16 09:09:07 CET 2010
16 déc. 2010 09:09:43 fr.utbm.set.server.GeofencingMessageHandler newMessage
INFO: EFA SENT TO : 11: AT : Thu Dec 16 09:09:43 CET 2010
16 déc. 2010 09:09:58 fr.utbm.set.server.GeofencingMessageHandler newMessage
INFO: LFA SENT TO : 11 AT : Thu Dec 16 09:09:58 CET 2010
16 déc. 2010 09:10:34 fr.utbm.set.server.GeofencingMessageHandler newMessage
INFO: EFA SENT TO : 11: AT : Thu Dec 16 09:10:34 CET 2010
16 déc. 2010 09:10:49 fr.utbm.set.server.GeofencingMessageHandler newMessage
INFO: LFA SENT TO : 11 AT : Thu Dec 16 09:10:49 CET 2010
16 déc. 2010 09:11:25 fr.utbm.set.server.GeofencingMessageHandler newMessage
INFO: EFA SENT TO : 11: AT : Thu Dec 16 09:11:25 CET 2010
16 déc. 2010 09:11:40 fr.utbm.set.server.GeofencingMessageHandler newMessage
INFO: LFA SENT TO : 11 AT : Thu Dec 16 09:11:40 CET 2010
16 déc. 2010 09:12:16 fr.utbm.set.server.GeofencingMessageHandler newMessage
INFO: EFA SENT TO : 11: AT : Thu Dec 16 09:12:16 CET 2010
16 déc. 2010 09:12:31 fr.utbm.set.server.GeofencingMessageHandler newMessage
INFO: LFA SENT TO : 11 AT : Thu Dec 16 09:12:31 CET 2010
16 déc. 2010 09:13:08 fr.utbm.set.server.GeofencingMessageHandler newMessage
INFO: EFA SENT TO : 11: AT : Thu Dec 16 09:13:08 CET 2010
16 déc. 2010 09:13:23 fr.utbm.set.server.GeofencingMessageHandler newMessage
INFO: LFA SENT TO : 11 AT : Thu Dec 16 09:13:23 CET 2010
16 déc. 2010 09:13:59 fr.utbm.set.server.GeofencingMessageHandler newMessage
INFO: EFA SENT TO : 11: AT : Thu Dec 16 09:13:59 CET 2010
16 déc. 2010 09:14:14 fr.utbm.set.server.GeofencingMessageHandler newMessage
INFO: LFA SENT TO : 11 AT : Thu Dec 16 09:14:14 CET 2010
16 déc. 2010 09:14:50 fr.utbm.set.server.GeofencingMessageHandler newMessage
INFO: EFA SENT TO : 11: AT : Thu Dec 16 09:14:50 CET 2010
16 déc. 2010 09:15:05 fr.utbm.set.server.GeofencingMessageHandler newMessage
INFO: LFA SENT TO : 11 AT : Thu Dec 16 09:15:05 CET 2010
16 déc. 2010 09:15:40 fr.utbm.set.server.GeofencingMessageHandler newMessage
INFO: EFA SENT TO : 11: AT : Thu Dec 16 09:15:40 CET 2010
16 déc. 2010 09:15:55 fr.utbm.set.server.GeofencingMessageHandler newMessage
INFO: LFA SENT TO : 11 AT : Thu Dec 16 09:15:55 CET 2010
16 déc. 2010 09:16:31 fr.utbm.set.server.GeofencingMessageHandler newMessage
INFO: EFA SENT TO : 11: AT : Thu Dec 16 09:16:31 CET 2010
16 déc. 2010 09:16:46 fr.utbm.set.server.GeofencingMessageHandler newMessage
INFO: LFA SENT TO : 11 AT : Thu Dec 16 09:16:46 CET 2010
16 déc. 2010 09:17:45 fr.utbm.set.server.GeofencingMessageHandler newMessage
INFO: EFA SENT TO : 11: AT : Thu Dec 16 09:17:45 CET 2010
16 déc. 2010 09:17:59 fr.utbm.set.server.GeofencingMessageHandler newMessage
INFO: LFA SENT TO : 11 AT : Thu Dec 16 09:17:59 CET 2010
16 déc. 2010 09:19:10 fr.utbm.set.server.GeofencingMessageHandler newMessage
INFO: EFA SENT TO : 11: AT : Thu Dec 16 09:19:10 CET 2010
16 déc. 2010 09:19:24 fr.utbm.set.server.GeofencingMessageHandler newMessage
INFO: LFA SENT TO : 11 AT : Thu Dec 16 09:19:24 CET 2010
16 déc. 2010 09:20:00 fr.utbm.set.server.GeofencingMessageHandler newMessage
INFO: EFA SENT TO : 11: AT : Thu Dec 16 09:20:00 CET 2010
16 déc. 2010 09:20:15 fr.utbm.set.server.GeofencingMessageHandler newMessage
INFO: LFA SENT TO : 11 AT : Thu Dec 16 09:20:15 CET 2010
16 déc. 2010 10:09:40 fr.utbm.set.server.GeofencingMessageHandler newMessage
INFO: EFA SENT TO : 11: AT : Thu Dec 16 10:09:40 CET 2010
16 déc. 2010 10:09:55 fr.utbm.set.server.GeofencingMessageHandler newMessage
INFO: LFA SENT TO : 11 AT : Thu Dec 16 10:09:55 CET 2010
16 déc. 2010 10:43:07 fr.utbm.set.server.GeofencingMessageHandler newMessage
INFO: EFA SENT TO : 11: AT : Thu Dec 16 10:43:07 CET 2010
16 déc. 2010 10:43:22 fr.utbm.set.server.GeofencingMessageHandler newMessage
INFO: LFA SENT TO : 11 AT : Thu Dec 16 10:43:22 CET 2010
16 déc. 2010 10:43:58 fr.utbm.set.server.GeofencingMessageHandler newMessage
INFO: EFA SENT TO : 11: AT : Thu Dec 16 10:43:58 CET 2010
16 déc. 2010 10:54:49 fr.utbm.set.server.GeofencingMessageHandler newMessage
INFO: EFA SENT TO : 11: AT : Thu Dec 16 10:54:49 CET 2010
16 déc. 2010 10:55:04 fr.utbm.set.server.GeofencingMessageHandler newMessage
INFO: LFA SENT TO : 11 AT : Thu Dec 16 10:55:04 CET 2010
16 déc. 2010 10:55:40 fr.utbm.set.server.GeofencingMessageHandler newMessage
INFO: EFA SENT TO : 11: AT : Thu Dec 16 10:55:40 CET 2010
16 déc. 2010 10:55:55 fr.utbm.set.server.GeofencingMessageHandler newMessage
INFO: LFA SENT TO : 11 AT : Thu Dec 16 10:55:55 CET 2010
16 déc. 2010 10:56:31 fr.utbm.set.server.GeofencingMessageHandler newMessage
INFO: EFA SENT TO : 11: AT : Thu Dec 16 10:56:31 CET 2010
16 déc. 2010 10:56:46 fr.utbm.set.server.GeofencingMessageHandler newMessage
INFO: LFA SENT TO : 11 AT : Thu Dec 16 10:56:46 CET 2010
16 déc. 2010 10:57:22 fr.utbm.set.server.GeofencingMessageHandler newMessage
INFO: EFA SENT TO : 11: AT : Thu Dec 16 10:57:22 CET 2010
16 déc. 2010 10:57:37 fr.utbm.set.server.GeofencingMessageHandler newMessage
INFO: LFA SENT TO : 11 AT : Thu Dec 16 10:57:37 CET 2010
30/03/2011 21:17:27 fr.utbm.set.server.GeofencingMessageHandler newMessage
INFO: EFA SENT TO : 1: AT : Wed Mar 30 21:17:27 CEST 2011
30/03/2011 21:17:41 fr.utbm.set.server.GeofencingMessageHandler newMessage
INFO: LFA SENT TO : 1 AT : Wed Mar 30 21:17:41 CEST 2011
30/03/2011 22:51:58 fr.utbm.set.server.GeofencingMessageHandler newMessage
INFO: EFA SENT TO : 1: AT : Wed Mar 30 22:51:58 CEST 2011
30/03/2011 22:52:12 fr.utbm.set.server.GeofencingMessageHandler newMessage
INFO: LFA SENT TO : 1 AT : Wed Mar 30 22:52:12 CEST 2011
30/03/2011 22:55:50 fr.utbm.set.server.GeofencingMessageHandler newMessage
INFO: EFA SENT TO : 1: AT : Wed Mar 30 22:55:50 CEST 2011
30/03/2011 22:56:04 fr.utbm.set.server.GeofencingMessageHandler newMessage
INFO: LFA SENT TO : 1 AT : Wed Mar 30 22:56:04 CEST 2011
30/03/2011 23:05:42 fr.utbm.set.server.GeofencingMessageHandler newMessage
INFO: EFA SENT TO : 1: AT : Wed Mar 30 23:05:42 CEST 2011
30/03/2011 23:05:56 fr.utbm.set.server.GeofencingMessageHandler newMessage
INFO: LFA SENT TO : 1 AT : Wed Mar 30 23:05:56 CEST 2011
31/03/2011 13:47:04 fr.utbm.set.server.GeofencingMessageHandler newMessage
INFO: EFA SENT TO : 1: AT : Thu Mar 31 13:47:04 CEST 2011
31/03/2011 13:51:32 fr.utbm.set.server.GeofencingMessageHandler newMessage
INFO: EFA SENT TO : 1: AT : Thu Mar 31 13:51:32 CEST 2011
31/03/2011 14:05:16 fr.utbm.set.server.GeofencingMessageHandler newMessage
INFO: EFA SENT TO : 1: AT : Thu Mar 31 14:05:16 CEST 2011
31/03/2011 14:07:50 fr.utbm.set.server.GeofencingMessageHandler newMessage
INFO: EFA SENT TO : 1: AT : Thu Mar 31 14:07:50 CEST 2011
31/03/2011 14:16:08 fr.utbm.set.server.GeofencingMessageHandler newMessage
INFO: EFA SENT TO : 1: AT : Thu Mar 31 14:16:08 CEST 2011
31/03/2011 14:21:55 fr.utbm.set.server.GeofencingMessageHandler newMessage
INFO: EFA SENT TO : 1: AT : Thu Mar 31 14:21:55 CEST 2011
31/03/2011 14:24:48 fr.utbm.set.server.GeofencingMessageHandler newMessage
INFO: EFA SENT TO : 1: AT : Thu Mar 31 14:24:48 CEST 2011
31/03/2011 14:28:32 fr.utbm.set.server.GeofencingMessageHandler newMessage
INFO: EFA SENT TO : 1: AT : Thu Mar 31 14:28:32 CEST 2011
31/03/2011 14:28:46 fr.utbm.set.server.GeofencingMessageHandler newMessage
INFO: LFA SENT TO : 1 AT : Thu Mar 31 14:28:46 CEST 2011
31/03/2011 14:42:20 fr.utbm.set.server.GeofencingMessageHandler newMessage
INFO: EFA SENT TO : 1: AT : Thu Mar 31 14:42:20 CEST 2011
31/03/2011 14:42:24 fr.utbm.set.server.GeofencingMessageHandler newMessage
INFO: LFA SENT TO : 1 AT : Thu Mar 31 14:42:24 CEST 2011
01/04/2011 23:15:46 fr.utbm.set.server.GeofencingMessageHandler newMessage
INFO: EFA SENT TO : 1: AT : Fri Apr 01 23:15:46 CEST 2011
01/04/2011 23:15:59 fr.utbm.set.server.GeofencingMessageHandler newMessage
INFO: LFA SENT TO : 1 AT : Fri Apr 01 23:15:59 CEST 2011
